#
# A fatal error has been detected by the Java Runtime Environment:
#
#  Internal Error (javaClasses.cpp:129), pid=2744, tid=6796
#  fatal error: Invalid layout of preloaded class
#
# JRE version: 7.0_17-b02
# Java VM: Java HotSpot(TM) 64-Bit Server VM (23.7-b01 mixed mode windows-amd64 compressed oops)
# Core dump written. Default location: E:\AndoridProject\New_Snake\hs_err_pid2744.mdmp
#
# If you would like to submit a bug report, please visit:
#   http://bugreport.sun.com/bugreport/crash.jsp
#

---------------  T H R E A D  ---------------

Current thread (0x000000000232e000):  JavaThread "Unknown thread" [_thread_in_vm, id=6796, stack(0x0000000002330000,0x0000000002430000)]

Stack: [0x0000000002330000,0x0000000002430000]

---------------  P R O C E S S  ---------------

Java Threads: ( => current thread )

Other Threads:

=>0x000000000232e000 (exited) JavaThread "Unknown thread" [_thread_in_vm, id=6796, stack(0x0000000002330000,0x0000000002430000)]

VM state:not at safepoint (not fully initialized)

VM Mutex/Monitor currently owned by a thread: None

GC Heap History (0 events):
No events

Deoptimization events (0 events):
No events

Internal exceptions (0 events):
No events

Events (10 events):
Event: 0.028 loading class 0x0000000002444230 done
Event: 0.029 loading class 0x00000000024440e0 done
Event: 0.029 loading class 0x0000000002444410
Event: 0.029 loading class 0x000000000247fe90
Event: 0.029 loading class 0x000000000247fe90 done
Event: 0.029 loading class 0x000000000247ffd0
Event: 0.029 loading class 0x000000000247ffd0 done
Event: 0.029 loading class 0x0000000009adc400
Event: 0.029 loading class 0x0000000009adc400 done
Event: 0.029 loading class 0x0000000002444410 done


Dynamic libraries:
0x000007f779090000 - 0x000007f7790c3000 	F:\Program Files\Java\jre7\bin\javaw.exe
0x000007fe39bd0000 - 0x000007fe39d8e000 	C:\Windows\SYSTEM32\ntdll.dll
0x000007fe38960000 - 0x000007fe38a96000 	C:\Windows\system32\KERNEL32.DLL
0x000007fe368c0000 - 0x000007fe369b3000 	C:\Windows\system32\KERNELBASE.dll
0x000007fe390f0000 - 0x000007fe391ce000 	C:\Windows\system32\ADVAPI32.dll
0x000007fe39730000 - 0x000007fe3987c000 	C:\Windows\system32\USER32.dll
0x000007fe34530000 - 0x000007fe34799000 	C:\Windows\WinSxS\amd64_microsoft.windows.common-controls_6595b64144ccf1df_6.0.9200.16384_none_418c2a697189c07f\COMCTL32.dll
0x000007fe37160000 - 0x000007fe37205000 	C:\Windows\system32\msvcrt.dll
0x000007fe39a20000 - 0x000007fe39a68000 	C:\Windows\SYSTEM32\sechost.dll
0x000007fe38cf0000 - 0x000007fe38e30000 	C:\Windows\system32\RPCRT4.dll
0x000007fe38fb0000 - 0x000007fe390f0000 	C:\Windows\system32\GDI32.dll
0x000007fe38e30000 - 0x000007fe38e69000 	C:\Windows\system32\IMM32.DLL
0x000007fe39900000 - 0x000007fe39a15000 	C:\Windows\system32\MSCTF.dll
0x000000005cc20000 - 0x000000005ccf1000 	F:\Program Files\Java\jre7\bin\msvcr100.dll
0x000000005c500000 - 0x000000005cc1f000 	F:\Program Files\Java\jre7\bin\server\jvm.dll
0x000007fe35150000 - 0x000007fe35159000 	C:\Windows\SYSTEM32\WSOCK32.dll
0x000007fe36ca0000 - 0x000007fe36cc0000 	C:\Windows\system32\WINMM.dll
0x000007fe39670000 - 0x000007fe39677000 	C:\Windows\system32\PSAPI.DLL
0x000007fe39880000 - 0x000007fe398d8000 	C:\Windows\system32\WS2_32.dll
0x000007fe367b0000 - 0x000007fe367e2000 	C:\Windows\system32\WINMMBASE.dll
0x000007fe37280000 - 0x000007fe37289000 	C:\Windows\system32\NSI.dll
0x000000005ce20000 - 0x000000005ce2f000 	F:\Program Files\Java\jre7\bin\verify.dll
0x000000005c4d0000 - 0x000000005c4f8000 	F:\Program Files\Java\jre7\bin\java.dll
0x000000005c4b0000 - 0x000000005c4c5000 	F:\Program Files\Java\jre7\bin\zip.dll
0x000007fe30b80000 - 0x000007fe30ce3000 	C:\Windows\system32\DBGHELP.DLL

VM Arguments:
jvm_args: -Dfile.encoding=GBK -Xbootclasspath:E:\android\adt-bundle-windows-x86_64-20130219\sdk\platforms\android-17\android.jar 
java_command: com.example.newsnake.SnakeBodyPositionList
Launcher Type: SUN_STANDARD

Environment Variables:
CLASSPATH=F:\Program Files\Java\jdk1.7.0_17\lib
PATH=C:\Windows\system32;C:\Windows;C:\Windows\System32\Wbem;C:\Windows\System32\WindowsPowerShell\v1.0\;C:\Program Files\Microsoft\Web Platform Installer\;C:\Program Files (x86)\Microsoft ASP.NET\ASP.NET Web Pages\v1.0\;C:\Program Files\Microsoft SQL Server\110\Tools\Binn\;F:\Program Files\Java\jdk1.7.0_17\bin;E:\android\adt-bundle-windows-x86_64-20130219\sdk\platform-tools;f:\Program Files\MATLAB\R2010b\runtime\win64;f:\Program Files\MATLAB\R2010b\bin
USERNAME=Administrator
OS=Windows_NT
PROCESSOR_IDENTIFIER=Intel64 Family 6 Model 37 Stepping 5, GenuineIntel



---------------  S Y S T E M  ---------------

OS: Windows Server 2012 , 64 bit Build 9200 

CPU:total 4 (2 cores per cpu, 2 threads per core) family 6 model 37 stepping 5, cmov, cx8, fxsr, mmx, sse, sse2, sse3, ssse3, sse4.1, sse4.2, popcnt, ht, tsc, tscinvbit

Memory: 4k page, physical 6017460k(2718888k free), swap 7000500k(3376508k free)

vm_info: Java HotSpot(TM) 64-Bit Server VM (23.7-b01) for windows-amd64 JRE (1.7.0_17-b02), built on Mar  1 2013 03:38:30 by "java_re" with unknown MS VC++:1600

time: Mon May 27 21:19:45 2013
elapsed time: 0 seconds

